<?xml version="1.0" encoding="utf-8"?><testsuites><testsuite errors="0" failures="0" hostname="WIN-CDD40IFICEH" name="pytest" skipped="0" tests="1" time="16.145" timestamp="2020-06-27T20:35:51.231033"><testcase classname="test_dir.order.all_order.test_main" file="test_dir\order\all_order\test_main.py" line="37" name="test1" time="16.071"></testcase></testsuite></testsuites>