<?xml version="1.0" encoding="utf-8"?><testsuites><testsuite errors="0" failures="0" hostname="PC-20170621WOWM" name="pytest" skipped="0" tests="2" time="27.531" timestamp="2020-07-16T10:49:19.765045"><testcase classname="test_dir.interface.test_login" file="test_dir\interface\test_login.py" line="42" name="test_login_for_module" time="12.854"></testcase><testcase classname="test_dir.order.all_order.test_main" file="test_dir\order\all_order\test_main.py" line="41" name="test_multi_search" time="14.573"></testcase></testsuite></testsuites>