<?xml version="1.0" encoding="utf-8"?><testsuites><testsuite errors="0" failures="0" hostname="PC-20170621WOWM" name="pytest" skipped="0" tests="2" time="13.638" timestamp="2020-07-15T17:52:28.177735"><testcase classname="test_dir.interface.test_login" file="test_dir\interface\test_login.py" line="41" name="test_login_for_module" time="8.323"></testcase><testcase classname="test_dir.order.all_order.test_main" file="test_dir\order\all_order\test_main.py" line="38" name="test_multi_search" time="5.202"></testcase></testsuite></testsuites>