<?xml version="1.0" encoding="utf-8"?><testsuites><testsuite errors="0" failures="0" hostname="WIN-CDD40IFICEH" name="pytest" skipped="0" tests="1" time="17.276" timestamp="2020-06-27T19:24:46.809783"><testcase classname="test_dir.order.all_order.test_main" file="test_dir\order\all_order\test_main.py" line="26" name="test1" time="11.554"></testcase></testsuite></testsuites>