<?xml version="1.0" encoding="utf-8"?><testsuites><testsuite errors="0" failures="0" hostname="PC-20170621WOWM" name="pytest" skipped="0" tests="4" time="14.615" timestamp="2020-07-15T15:37:13.576041"><testcase classname="test_dir.interface.test_all_order_query_page" file="test_dir\interface\test_all_order_query_page.py" line="9" name="test_login" time="0.000"></testcase><testcase classname="test_dir.interface.test_all_order_query_page.TestQuery" file="test_dir\interface\test_all_order_query_page.py" line="17" name="test_query" time="0.220"></testcase><testcase classname="test_dir.interface.test_login" file="test_dir\interface\test_login.py" line="12" name="test_login" time="4.884"></testcase><testcase classname="test_dir.order.all_order.test_main" file="test_dir\order\all_order\test_main.py" line="37" name="test_multi_search" time="9.398"></testcase></testsuite></testsuites>