<?xml version="1.0" encoding="utf-8"?><testsuites><testsuite errors="0" failures="1" hostname="WIN-CDD40IFICEH" name="pytest" skipped="0" tests="4" time="61.721" timestamp="2020-06-07T21:26:42.826456"><testcase classname="test_dir.test_baidu.TestSearch" file="test_dir\test_baidu.py" line="17" name="test_baidu_search_case" time="13.024"></testcase><testcase classname="test_dir.test_baidu.TestSearchSettings" file="test_dir\test_baidu.py" line="38" name="test_baidu_search_setting" time="40.863"><failure message="AttributeError: &apos;NoneType&apos; object has no attribute &apos;click&apos;">self = &lt;test_dir.test_baidu.TestSearchSettings object at 0x000002062ABB58B0&gt;
browser = &lt;selenium.webdriver.chrome.webdriver.WebDriver (session=&quot;9aa5fdd6899304275e3dd9d3ff3f4822&quot;)&gt;
base_url = &apos;https://www.baidu.com&apos;

    def test_baidu_search_setting(self, browser, base_url):
        &quot;&quot;&quot;
        名称：百度搜索设置
        步骤：
        1、打开百度浏览器
        2、点击设置链接
        3、在下拉框中&quot;选择搜索&quot;
        4、点击&quot;保存设置&quot;
        5、对弹出警告框保存
        检查点：
        * 检查是否弹出提示框
        &quot;&quot;&quot;
        page = BaiduPage(browser)
        page.get(base_url)
&gt;       page.settings.click()
E       AttributeError: &apos;NoneType&apos; object has no attribute &apos;click&apos;

test_dir\test_baidu.py:53: AttributeError</failure></testcase><testcase classname="test_dir.test_parametrize" file="test_dir\test_parametrize.py" line="47" name="test_baidu_search[1-Selenium]" time="2.416"></testcase><testcase classname="test_dir.test_parametrize" file="test_dir\test_parametrize.py" line="47" name="test_baidu_search[2-poium]" time="4.553"></testcase></testsuite></testsuites>