<?xml version="1.0" encoding="utf-8"?><testsuites><testsuite errors="0" failures="0" hostname="WIN-CDD40IFICEH" name="pytest" skipped="0" tests="1" time="20.464" timestamp="2020-06-29T20:34:58.521029"><testcase classname="test_dir.order.all_order.test_main" file="D:\PycharmProjects\guest\pyautoTest-master\test_dir\order\all_order\test_main.py" line="37" name="test1" time="20.399"></testcase></testsuite></testsuites>