<?xml version="1.0" encoding="utf-8"?><testsuites><testsuite errors="0" failures="0" hostname="PC-20170621WOWM" name="pytest" skipped="0" tests="3" time="23.595" timestamp="2020-07-16T16:30:58.682516"><testcase classname="test_dir.interface.test_interface" file="test_dir\interface\test_interface.py" line="34" name="test_login_for_module" time="6.896"></testcase><testcase classname="test_dir.interface.test_interface" file="test_dir\interface\test_interface.py" line="52" name="test_add_vip" time="2.419"></testcase><testcase classname="test_dir.order.all_order.test_main" file="test_dir\order\all_order\test_main.py" line="39" name="test_multi_search" time="14.208"></testcase></testsuite></testsuites>